d:\games\wii u\mocha\mocha\x64\debug\vc142.pdb
d:\games\wii u\mocha\mocha\x64\debug\vc142.idb
d:\games\wii u\mocha\mocha\x64\debug\entry.obj
d:\games\wii u\mocha\mocha\x64\debug\memory.obj
d:\games\wii u\mocha\mocha\x64\debug\executable.obj
d:\games\wii u\mocha\mocha\x64\debug\cafeprocess.obj
d:\games\wii u\mocha\mocha\x64\debug\cafeos.obj
d:\games\wii u\mocha\mocha\x64\debug\unicorncpu.obj
d:\games\wii u\mocha\x64\debug\mocha.exe
d:\games\wii u\mocha\mocha\x64\debug\mocha.ilk
d:\games\wii u\mocha\x64\debug\mocha.pdb
d:\games\wii u\mocha\mocha\x64\debug\mocha.tlog\cl.command.1.tlog
d:\games\wii u\mocha\mocha\x64\debug\mocha.tlog\cl.read.1.tlog
d:\games\wii u\mocha\mocha\x64\debug\mocha.tlog\cl.write.1.tlog
d:\games\wii u\mocha\mocha\x64\debug\mocha.tlog\link-cvtres.read.1.tlog
d:\games\wii u\mocha\mocha\x64\debug\mocha.tlog\link-cvtres.write.1.tlog
d:\games\wii u\mocha\mocha\x64\debug\mocha.tlog\link-rc.read.1.tlog
d:\games\wii u\mocha\mocha\x64\debug\mocha.tlog\link-rc.write.1.tlog
d:\games\wii u\mocha\mocha\x64\debug\mocha.tlog\link.6420-cvtres.read.1.tlog
d:\games\wii u\mocha\mocha\x64\debug\mocha.tlog\link.6420-cvtres.write.1.tlog
d:\games\wii u\mocha\mocha\x64\debug\mocha.tlog\link.6420-rc.read.1.tlog
d:\games\wii u\mocha\mocha\x64\debug\mocha.tlog\link.6420-rc.write.1.tlog
d:\games\wii u\mocha\mocha\x64\debug\mocha.tlog\link.6420.read.1.tlog
d:\games\wii u\mocha\mocha\x64\debug\mocha.tlog\link.6420.write.1.tlog
d:\games\wii u\mocha\mocha\x64\debug\mocha.tlog\link.command.1.tlog
d:\games\wii u\mocha\mocha\x64\debug\mocha.tlog\link.read.1.tlog
d:\games\wii u\mocha\mocha\x64\debug\mocha.tlog\link.write.1.tlog
